<?xml version="1.0" encoding="UTF-8"?>
<coverage generated="1591828330682" clover="3.2.0">
  <project timestamp="1591828330683" name="All files">
    <metrics statements="103" coveredstatements="100" conditionals="106" coveredconditionals="97" methods="15" coveredmethods="13" elements="224" coveredelements="210" complexity="0" loc="103" ncloc="103" packages="1" files="2" classes="2"/>
    <file name="Constants.ts" path="/mnt/c/Users/alzajac/Desktop/Programmation/Training/react-native-skeleton-content/src/Constants.ts">
      <metrics statements="8" coveredstatements="8" conditionals="0" coveredconditionals="0" methods="0" coveredmethods="0"/>
      <line num="42" count="1" type="stmt"/>
      <line num="43" count="1" type="stmt"/>
      <line num="44" count="1" type="stmt"/>
      <line num="45" count="1" type="stmt"/>
      <line num="46" count="1" type="stmt"/>
      <line num="47" count="1" type="stmt"/>
      <line num="48" count="1" type="stmt"/>
      <line num="49" count="1" type="stmt"/>
    </file>
    <file name="SkeletonContent.tsx" path="/mnt/c/Users/alzajac/Desktop/Programmation/Training/react-native-skeleton-content/src/SkeletonContent.tsx">
      <metrics statements="95" coveredstatements="92" conditionals="106" coveredconditionals="97" methods="15" coveredmethods="13"/>
      <line num="20" count="1" type="stmt"/>
      <line num="21" count="1" type="stmt"/>
      <line num="23" count="1" type="stmt"/>
      <line num="39" count="1" type="stmt"/>
      <line num="40" count="16" type="stmt"/>
      <line num="42" count="16" type="stmt"/>
      <line num="43" count="0" type="stmt"/>
      <line num="44" count="0" type="stmt"/>
      <line num="47" count="16" type="stmt"/>
      <line num="50" count="1" type="stmt"/>
      <line num="63" count="16" type="stmt"/>
      <line num="64" count="16" type="cond" truecount="2" falsecount="0"/>
      <line num="65" count="16" type="cond" truecount="2" falsecount="0"/>
      <line num="66" count="16" type="stmt"/>
      <line num="70" count="16" type="stmt"/>
      <line num="72" count="16" type="stmt"/>
      <line num="73" count="0" type="stmt"/>
      <line num="92" count="16" type="stmt"/>
      <line num="93" count="16" type="stmt"/>
      <line num="94" count="16" type="cond" truecount="2" falsecount="0"/>
      <line num="95" count="14" type="cond" truecount="2" falsecount="0"/>
      <line num="102" count="11" type="stmt"/>
      <line num="103" count="3" type="cond" truecount="2" falsecount="0"/>
      <line num="104" count="1" type="stmt"/>
      <line num="105" count="2" type="cond" truecount="2" falsecount="0"/>
      <line num="106" count="1" type="stmt"/>
      <line num="107" count="1" type="cond" truecount="1" falsecount="1"/>
      <line num="108" count="1" type="stmt"/>
      <line num="111" count="16" type="stmt"/>
      <line num="114" count="16" type="stmt"/>
      <line num="115" count="16" type="stmt"/>
      <line num="116" count="16" type="cond" truecount="2" falsecount="0"/>
      <line num="117" count="14" type="cond" truecount="2" falsecount="0"/>
      <line num="122" count="9" type="stmt"/>
      <line num="123" count="5" type="cond" truecount="2" falsecount="0"/>
      <line num="128" count="3" type="stmt"/>
      <line num="129" count="2" type="cond" truecount="2" falsecount="0"/>
      <line num="130" count="1" type="stmt"/>
      <line num="131" count="1" type="cond" truecount="1" falsecount="1"/>
      <line num="132" count="1" type="stmt"/>
      <line num="135" count="16" type="stmt"/>
      <line num="138" count="16" type="stmt"/>
      <line num="139" count="16" type="stmt"/>
      <line num="141" count="16" type="stmt"/>
      <line num="142" count="23" type="stmt"/>
      <line num="148" count="23" type="cond" truecount="2" falsecount="0"/>
      <line num="149" count="3" type="stmt"/>
      <line num="151" count="20" type="stmt"/>
      <line num="152" count="20" type="cond" truecount="2" falsecount="0"/>
      <line num="154" count="23" type="stmt"/>
      <line num="157" count="16" type="stmt"/>
      <line num="158" count="18" type="stmt"/>
      <line num="159" count="18" type="stmt"/>
      <line num="163" count="18" type="cond" truecount="4" falsecount="0"/>
      <line num="164" count="16" type="stmt"/>
      <line num="166" count="2" type="stmt"/>
      <line num="168" count="18" type="stmt"/>
      <line num="171" count="16" type="stmt"/>
      <line num="172" count="18" type="stmt"/>
      <line num="175" count="18" type="cond" truecount="2" falsecount="0"/>
      <line num="179" count="18" type="cond" truecount="2" falsecount="0"/>
      <line num="183" count="18" type="cond" truecount="2" falsecount="0"/>
      <line num="188" count="14" type="stmt"/>
      <line num="189" count="4" type="cond" truecount="2" falsecount="0"/>
      <line num="194" count="2" type="stmt"/>
      <line num="195" count="2" type="cond" truecount="2" falsecount="0"/>
      <line num="196" count="1" type="stmt"/>
      <line num="197" count="1" type="cond" truecount="1" falsecount="1"/>
      <line num="198" count="1" type="stmt"/>
      <line num="200" count="18" type="stmt"/>
      <line num="203" count="16" type="stmt"/>
      <line num="204" count="1" type="cond" truecount="2" falsecount="0"/>
      <line num="209" count="16" type="stmt"/>
      <line num="210" count="5" type="cond" truecount="2" falsecount="0"/>
      <line num="213" count="16" type="stmt"/>
      <line num="214" count="18" type="stmt"/>
      <line num="215" count="18" type="cond" truecount="2" falsecount="0"/>
      <line num="233" count="16" type="cond" truecount="1" falsecount="0"/>
      <line num="234" count="15" type="cond" truecount="2" falsecount="0"/>
      <line num="235" count="12" type="stmt"/>
      <line num="236" count="12" type="stmt"/>
      <line num="238" count="18" type="cond" truecount="4" falsecount="0"/>
      <line num="239" count="1" type="cond" truecount="2" falsecount="0"/>
      <line num="240" count="1" type="stmt"/>
      <line num="241" count="1" type="stmt"/>
      <line num="243" count="17" type="cond" truecount="2" falsecount="0"/>
      <line num="247" count="2" type="cond" truecount="1" falsecount="1"/>
      <line num="249" count="15" type="cond" truecount="2" falsecount="0"/>
      <line num="255" count="3" type="stmt"/>
      <line num="256" count="6" type="cond" truecount="1" falsecount="1"/>
      <line num="257" count="6" type="cond" truecount="4" falsecount="0"/>
      <line num="258" count="3" type="stmt"/>
      <line num="260" count="3" type="stmt"/>
      <line num="266" count="16" type="stmt"/>
      <line num="271" count="1" type="stmt"/>
    </file>
  </project>
</coverage>
