{"/mnt/c/Users/alzajac/Desktop/Programmation/Training/react-native-skeleton-content/src/Constants.ts": {"path":"/mnt/c/Users/alzajac/Desktop/Programmation/Training/react-native-skeleton-content/src/Constants.ts","statementMap":{"0":{"start":{"line":42,"column":45},"end":{"line":42,"column":46}},"1":{"start":{"line":43,"column":40},"end":{"line":43,"column":44}},"2":{"start":{"line":44,"column":53},"end":{"line":44,"column":61}},"3":{"start":{"line":45,"column":63},"end":{"line":45,"column":80}},"4":{"start":{"line":46,"column":42},"end":{"line":46,"column":51}},"5":{"start":{"line":47,"column":47},"end":{"line":47,"column":56}},"6":{"start":{"line":48,"column":35},"end":{"line":48,"column":65}},"7":{"start":{"line":49,"column":31},"end":{"line":49,"column":35}}},"fnMap":{},"branchMap":{},"s":{"0":1,"1":1,"2":1,"3":1,"4":1,"5":1,"6":1,"7":1},"f":{},"b":{},"_coverageSchema":"43e27e138ebf9cfc5966b082cf9a028302ed4184","hash":"0aba89793ea20148b459a237933a27cffb6e6eba"}
,"/mnt/c/Users/alzajac/Desktop/Programmation/Training/react-native-skeleton-content/src/SkeletonContent.tsx": {"path":"/mnt/c/Users/alzajac/Desktop/Programmation/Training/react-native-skeleton-content/src/SkeletonContent.tsx","statementMap":{"0":{"start":{"line":20,"column":42},"end":{"line":20,"column":50}},"1":{"start":{"line":21,"column":34},"end":{"line":21,"column":39}},"2":{"start":{"line":23,"column":15},"end":{"line":37,"column":2}},"3":{"start":{"line":39,"column":18},"end":{"line":48,"column":1}},"4":{"start":{"line":40,"column":26},"end":{"line":40,"column":64}},"5":{"start":{"line":42,"column":19},"end":{"line":45,"column":8}},"6":{"start":{"line":43,"column":30},"end":{"line":43,"column":54}},"7":{"start":{"line":44,"column":4},"end":{"line":44,"column":31}},"8":{"start":{"line":47,"column":2},"end":{"line":47,"column":26}},"9":{"start":{"line":50,"column":72},"end":{"line":269,"column":1}},"10":{"start":{"line":63,"column":25},"end":{"line":63,"column":37}},"11":{"start":{"line":64,"column":23},"end":{"line":64,"column":51}},"12":{"start":{"line":65,"column":22},"end":{"line":65,"column":67}},"13":{"start":{"line":66,"column":38},"end":{"line":69,"column":4}},"14":{"start":{"line":70,"column":36},"end":{"line":70,"column":47}},"15":{"start":{"line":72,"column":2},"end":{"line":90,"column":35}},"16":{"start":{"line":73,"column":4},"end":{"line":89,"column":8}},"17":{"start":{"line":92,"column":36},"end":{"line":112,"column":3}},"18":{"start":{"line":93,"column":32},"end":{"line":93,"column":46}},"19":{"start":{"line":94,"column":4},"end":{"line":110,"column":5}},"20":{"start":{"line":95,"column":6},"end":{"line":109,"column":7}},"21":{"start":{"line":102,"column":8},"end":{"line":102,"column":35}},"22":{"start":{"line":103,"column":13},"end":{"line":109,"column":7}},"23":{"start":{"line":104,"column":8},"end":{"line":104,"column":35}},"24":{"start":{"line":105,"column":13},"end":{"line":109,"column":7}},"25":{"start":{"line":106,"column":8},"end":{"line":106,"column":35}},"26":{"start":{"line":107,"column":13},"end":{"line":109,"column":7}},"27":{"start":{"line":108,"column":8},"end":{"line":108,"column":35}},"28":{"start":{"line":111,"column":4},"end":{"line":111,"column":21}},"29":{"start":{"line":114,"column":34},"end":{"line":136,"column":3}},"30":{"start":{"line":115,"column":20},"end":{"line":115,"column":34}},"31":{"start":{"line":116,"column":4},"end":{"line":134,"column":5}},"32":{"start":{"line":117,"column":6},"end":{"line":133,"column":7}},"33":{"start":{"line":122,"column":8},"end":{"line":122,"column":35}},"34":{"start":{"line":123,"column":13},"end":{"line":133,"column":7}},"35":{"start":{"line":128,"column":8},"end":{"line":128,"column":35}},"36":{"start":{"line":129,"column":13},"end":{"line":133,"column":7}},"37":{"start":{"line":130,"column":8},"end":{"line":130,"column":35}},"38":{"start":{"line":131,"column":13},"end":{"line":133,"column":7}},"39":{"start":{"line":132,"column":8},"end":{"line":132,"column":35}},"40":{"start":{"line":135,"column":4},"end":{"line":135,"column":21}},"41":{"start":{"line":138,"column":24},"end":{"line":138,"column":51}},"42":{"start":{"line":139,"column":22},"end":{"line":139,"column":47}},"43":{"start":{"line":141,"column":24},"end":{"line":155,"column":3}},"44":{"start":{"line":142,"column":39},"end":{"line":147,"column":5}},"45":{"start":{"line":148,"column":4},"end":{"line":153,"column":5}},"46":{"start":{"line":149,"column":6},"end":{"line":149,"column":62}},"47":{"start":{"line":151,"column":6},"end":{"line":151,"column":36}},"48":{"start":{"line":152,"column":6},"end":{"line":152,"column":74}},"49":{"start":{"line":154,"column":4},"end":{"line":154,"column":21}},"50":{"start":{"line":157,"column":31},"end":{"line":169,"column":3}},"51":{"start":{"line":158,"column":20},"end":{"line":158,"column":22}},"52":{"start":{"line":159,"column":33},"end":{"line":162,"column":6}},"53":{"start":{"line":163,"column":4},"end":{"line":167,"column":5}},"54":{"start":{"line":164,"column":6},"end":{"line":164,"column":55}},"55":{"start":{"line":166,"column":6},"end":{"line":166,"column":55}},"56":{"start":{"line":168,"column":4},"end":{"line":168,"column":21}},"57":{"start":{"line":171,"column":27},"end":{"line":201,"column":3}},"58":{"start":{"line":172,"column":34},"end":{"line":172,"column":36}},"59":{"start":{"line":175,"column":6},"end":{"line":177,"column":31}},"60":{"start":{"line":179,"column":6},"end":{"line":181,"column":32}},"61":{"start":{"line":183,"column":4},"end":{"line":199,"column":5}},"62":{"start":{"line":188,"column":6},"end":{"line":188,"column":47}},"63":{"start":{"line":189,"column":11},"end":{"line":199,"column":5}},"64":{"start":{"line":194,"column":6},"end":{"line":194,"column":47}},"65":{"start":{"line":195,"column":11},"end":{"line":199,"column":5}},"66":{"start":{"line":196,"column":6},"end":{"line":196,"column":49}},"67":{"start":{"line":197,"column":11},"end":{"line":199,"column":5}},"68":{"start":{"line":198,"column":6},"end":{"line":198,"column":49}},"69":{"start":{"line":200,"column":4},"end":{"line":200,"column":23}},"70":{"start":{"line":203,"column":27},"end":{"line":207,"column":3}},"71":{"start":{"line":204,"column":4},"end":{"line":206,"column":11}},"72":{"start":{"line":209,"column":24},"end":{"line":211,"column":3}},"73":{"start":{"line":210,"column":4},"end":{"line":210,"column":85}},"74":{"start":{"line":213,"column":24},"end":{"line":231,"column":3}},"75":{"start":{"line":214,"column":31},"end":{"line":214,"column":81}},"76":{"start":{"line":215,"column":4},"end":{"line":230,"column":6}},"77":{"start":{"line":233,"column":19},"end":{"line":264,"column":3}},"78":{"start":{"line":234,"column":4},"end":{"line":263,"column":5}},"79":{"start":{"line":235,"column":33},"end":{"line":235,"column":65}},"80":{"start":{"line":236,"column":6},"end":{"line":252,"column":9}},"81":{"start":{"line":238,"column":8},"end":{"line":251,"column":9}},"82":{"start":{"line":239,"column":34},"end":{"line":239,"column":72}},"83":{"start":{"line":240,"column":47},"end":{"line":240,"column":56}},"84":{"start":{"line":241,"column":10},"end":{"line":241,"column":115}},"85":{"start":{"line":243,"column":10},"end":{"line":250,"column":11}},"86":{"start":{"line":247,"column":12},"end":{"line":247,"column":75}},"87":{"start":{"line":249,"column":12},"end":{"line":249,"column":75}},"88":{"start":{"line":255,"column":6},"end":{"line":262,"column":9}},"89":{"start":{"line":256,"column":24},"end":{"line":256,"column":47}},"90":{"start":{"line":257,"column":8},"end":{"line":261,"column":9}},"91":{"start":{"line":258,"column":10},"end":{"line":258,"column":43}},"92":{"start":{"line":260,"column":10},"end":{"line":260,"column":43}},"93":{"start":{"line":266,"column":2},"end":{"line":268,"column":10}},"94":{"start":{"line":271,"column":0},"end":{"line":281,"column":1}}},"fnMap":{"0":{"name":"(anonymous_0)","decl":{"start":{"line":39,"column":18},"end":{"line":39,"column":19}},"loc":{"start":{"line":39,"column":24},"end":{"line":48,"column":1}},"line":39},"1":{"name":"(anonymous_1)","decl":{"start":{"line":42,"column":31},"end":{"line":42,"column":32}},"loc":{"start":{"line":42,"column":40},"end":{"line":45,"column":3}},"line":42},"2":{"name":"(anonymous_2)","decl":{"start":{"line":50,"column":72},"end":{"line":50,"column":73}},"loc":{"start":{"line":61,"column":6},"end":{"line":269,"column":1}},"line":61},"3":{"name":"(anonymous_3)","decl":{"start":{"line":72,"column":10},"end":{"line":72,"column":11}},"loc":{"start":{"line":73,"column":4},"end":{"line":89,"column":8}},"line":73},"4":{"name":"(anonymous_4)","decl":{"start":{"line":92,"column":36},"end":{"line":92,"column":37}},"loc":{"start":{"line":92,"column":54},"end":{"line":112,"column":3}},"line":92},"5":{"name":"(anonymous_5)","decl":{"start":{"line":114,"column":34},"end":{"line":114,"column":35}},"loc":{"start":{"line":114,"column":52},"end":{"line":136,"column":3}},"line":114},"6":{"name":"(anonymous_6)","decl":{"start":{"line":141,"column":24},"end":{"line":141,"column":25}},"loc":{"start":{"line":141,"column":74},"end":{"line":155,"column":3}},"line":141},"7":{"name":"(anonymous_7)","decl":{"start":{"line":157,"column":31},"end":{"line":157,"column":32}},"loc":{"start":{"line":157,"column":72},"end":{"line":169,"column":3}},"line":157},"8":{"name":"(anonymous_8)","decl":{"start":{"line":171,"column":27},"end":{"line":171,"column":28}},"loc":{"start":{"line":171,"column":70},"end":{"line":201,"column":3}},"line":171},"9":{"name":"(anonymous_9)","decl":{"start":{"line":203,"column":27},"end":{"line":203,"column":28}},"loc":{"start":{"line":204,"column":4},"end":{"line":206,"column":11}},"line":204},"10":{"name":"(anonymous_10)","decl":{"start":{"line":209,"column":24},"end":{"line":209,"column":25}},"loc":{"start":{"line":210,"column":4},"end":{"line":210,"column":85}},"line":210},"11":{"name":"(anonymous_11)","decl":{"start":{"line":213,"column":24},"end":{"line":213,"column":25}},"loc":{"start":{"line":213,"column":93},"end":{"line":231,"column":3}},"line":213},"12":{"name":"(anonymous_12)","decl":{"start":{"line":233,"column":19},"end":{"line":233,"column":20}},"loc":{"start":{"line":233,"column":101},"end":{"line":264,"column":3}},"line":233},"13":{"name":"(anonymous_13)","decl":{"start":{"line":236,"column":26},"end":{"line":236,"column":27}},"loc":{"start":{"line":236,"column":36},"end":{"line":252,"column":7}},"line":236},"14":{"name":"(anonymous_14)","decl":{"start":{"line":255,"column":42},"end":{"line":255,"column":43}},"loc":{"start":{"line":255,"column":56},"end":{"line":262,"column":7}},"line":255}},"branchMap":{"0":{"loc":{"start":{"line":64,"column":33},"end":{"line":64,"column":50}},"type":"cond-expr","locations":[{"start":{"line":64,"column":45},"end":{"line":64,"column":46}},{"start":{"line":64,"column":49},"end":{"line":64,"column":50}}],"line":64},"1":{"loc":{"start":{"line":65,"column":32},"end":{"line":65,"column":66}},"type":"cond-expr","locations":[{"start":{"line":65,"column":61},"end":{"line":65,"column":62}},{"start":{"line":65,"column":65},"end":{"line":65,"column":66}}],"line":65},"2":{"loc":{"start":{"line":94,"column":4},"end":{"line":110,"column":5}},"type":"if","locations":[{"start":{"line":94,"column":4},"end":{"line":110,"column":5}},{"start":{"line":94,"column":4},"end":{"line":110,"column":5}}],"line":94},"3":{"loc":{"start":{"line":95,"column":6},"end":{"line":109,"column":7}},"type":"if","locations":[{"start":{"line":95,"column":6},"end":{"line":109,"column":7}},{"start":{"line":95,"column":6},"end":{"line":109,"column":7}}],"line":95},"4":{"loc":{"start":{"line":96,"column":8},"end":{"line":100,"column":50}},"type":"binary-expr","locations":[{"start":{"line":96,"column":8},"end":{"line":96,"column":47}},{"start":{"line":97,"column":8},"end":{"line":97,"column":48}},{"start":{"line":98,"column":8},"end":{"line":98,"column":44}},{"start":{"line":99,"column":8},"end":{"line":99,"column":45}},{"start":{"line":100,"column":8},"end":{"line":100,"column":50}}],"line":96},"5":{"loc":{"start":{"line":103,"column":13},"end":{"line":109,"column":7}},"type":"if","locations":[{"start":{"line":103,"column":13},"end":{"line":109,"column":7}},{"start":{"line":103,"column":13},"end":{"line":109,"column":7}}],"line":103},"6":{"loc":{"start":{"line":105,"column":13},"end":{"line":109,"column":7}},"type":"if","locations":[{"start":{"line":105,"column":13},"end":{"line":109,"column":7}},{"start":{"line":105,"column":13},"end":{"line":109,"column":7}}],"line":105},"7":{"loc":{"start":{"line":107,"column":13},"end":{"line":109,"column":7}},"type":"if","locations":[{"start":{"line":107,"column":13},"end":{"line":109,"column":7}},{"start":{"line":107,"column":13},"end":{"line":109,"column":7}}],"line":107},"8":{"loc":{"start":{"line":116,"column":4},"end":{"line":134,"column":5}},"type":"if","locations":[{"start":{"line":116,"column":4},"end":{"line":134,"column":5}},{"start":{"line":116,"column":4},"end":{"line":134,"column":5}}],"line":116},"9":{"loc":{"start":{"line":117,"column":6},"end":{"line":133,"column":7}},"type":"if","locations":[{"start":{"line":117,"column":6},"end":{"line":133,"column":7}},{"start":{"line":117,"column":6},"end":{"line":133,"column":7}}],"line":117},"10":{"loc":{"start":{"line":118,"column":8},"end":{"line":120,"column":49}},"type":"binary-expr","locations":[{"start":{"line":118,"column":8},"end":{"line":118,"column":47}},{"start":{"line":119,"column":8},"end":{"line":119,"column":48}},{"start":{"line":120,"column":8},"end":{"line":120,"column":49}}],"line":118},"11":{"loc":{"start":{"line":123,"column":13},"end":{"line":133,"column":7}},"type":"if","locations":[{"start":{"line":123,"column":13},"end":{"line":133,"column":7}},{"start":{"line":123,"column":13},"end":{"line":133,"column":7}}],"line":123},"12":{"loc":{"start":{"line":124,"column":8},"end":{"line":126,"column":49}},"type":"binary-expr","locations":[{"start":{"line":124,"column":8},"end":{"line":124,"column":44}},{"start":{"line":125,"column":8},"end":{"line":125,"column":45}},{"start":{"line":126,"column":8},"end":{"line":126,"column":49}}],"line":124},"13":{"loc":{"start":{"line":129,"column":13},"end":{"line":133,"column":7}},"type":"if","locations":[{"start":{"line":129,"column":13},"end":{"line":133,"column":7}},{"start":{"line":129,"column":13},"end":{"line":133,"column":7}}],"line":129},"14":{"loc":{"start":{"line":131,"column":13},"end":{"line":133,"column":7}},"type":"if","locations":[{"start":{"line":131,"column":13},"end":{"line":133,"column":7}},{"start":{"line":131,"column":13},"end":{"line":133,"column":7}}],"line":131},"15":{"loc":{"start":{"line":143,"column":13},"end":{"line":143,"column":34}},"type":"binary-expr","locations":[{"start":{"line":143,"column":13},"end":{"line":143,"column":29}},{"start":{"line":143,"column":33},"end":{"line":143,"column":34}}],"line":143},"16":{"loc":{"start":{"line":144,"column":14},"end":{"line":144,"column":36}},"type":"binary-expr","locations":[{"start":{"line":144,"column":14},"end":{"line":144,"column":31}},{"start":{"line":144,"column":35},"end":{"line":144,"column":36}}],"line":144},"17":{"loc":{"start":{"line":145,"column":20},"end":{"line":145,"column":68}},"type":"binary-expr","locations":[{"start":{"line":145,"column":20},"end":{"line":145,"column":43}},{"start":{"line":145,"column":47},"end":{"line":145,"column":68}}],"line":145},"18":{"loc":{"start":{"line":148,"column":4},"end":{"line":153,"column":5}},"type":"if","locations":[{"start":{"line":148,"column":4},"end":{"line":153,"column":5}},{"start":{"line":148,"column":4},"end":{"line":153,"column":5}}],"line":148},"19":{"loc":{"start":{"line":152,"column":34},"end":{"line":152,"column":73}},"type":"binary-expr","locations":[{"start":{"line":152,"column":34},"end":{"line":152,"column":60}},{"start":{"line":152,"column":64},"end":{"line":152,"column":73}}],"line":152},"20":{"loc":{"start":{"line":163,"column":4},"end":{"line":167,"column":5}},"type":"if","locations":[{"start":{"line":163,"column":4},"end":{"line":167,"column":5}},{"start":{"line":163,"column":4},"end":{"line":167,"column":5}}],"line":163},"21":{"loc":{"start":{"line":163,"column":8},"end":{"line":163,"column":85}},"type":"binary-expr","locations":[{"start":{"line":163,"column":8},"end":{"line":163,"column":44}},{"start":{"line":163,"column":48},"end":{"line":163,"column":85}}],"line":163},"22":{"loc":{"start":{"line":175,"column":6},"end":{"line":177,"column":31}},"type":"cond-expr","locations":[{"start":{"line":176,"column":10},"end":{"line":176,"column":34}},{"start":{"line":177,"column":10},"end":{"line":177,"column":31}}],"line":175},"23":{"loc":{"start":{"line":176,"column":10},"end":{"line":176,"column":34}},"type":"binary-expr","locations":[{"start":{"line":176,"column":10},"end":{"line":176,"column":29}},{"start":{"line":176,"column":33},"end":{"line":176,"column":34}}],"line":176},"24":{"loc":{"start":{"line":177,"column":10},"end":{"line":177,"column":31}},"type":"binary-expr","locations":[{"start":{"line":177,"column":10},"end":{"line":177,"column":26}},{"start":{"line":177,"column":30},"end":{"line":177,"column":31}}],"line":177},"25":{"loc":{"start":{"line":179,"column":6},"end":{"line":181,"column":32}},"type":"cond-expr","locations":[{"start":{"line":180,"column":10},"end":{"line":180,"column":35}},{"start":{"line":181,"column":10},"end":{"line":181,"column":32}}],"line":179},"26":{"loc":{"start":{"line":180,"column":10},"end":{"line":180,"column":35}},"type":"binary-expr","locations":[{"start":{"line":180,"column":10},"end":{"line":180,"column":30}},{"start":{"line":180,"column":34},"end":{"line":180,"column":35}}],"line":180},"27":{"loc":{"start":{"line":181,"column":10},"end":{"line":181,"column":32}},"type":"binary-expr","locations":[{"start":{"line":181,"column":10},"end":{"line":181,"column":27}},{"start":{"line":181,"column":31},"end":{"line":181,"column":32}}],"line":181},"28":{"loc":{"start":{"line":183,"column":4},"end":{"line":199,"column":5}},"type":"if","locations":[{"start":{"line":183,"column":4},"end":{"line":199,"column":5}},{"start":{"line":183,"column":4},"end":{"line":199,"column":5}}],"line":183},"29":{"loc":{"start":{"line":184,"column":6},"end":{"line":186,"column":47}},"type":"binary-expr","locations":[{"start":{"line":184,"column":6},"end":{"line":184,"column":46}},{"start":{"line":185,"column":6},"end":{"line":185,"column":48}},{"start":{"line":186,"column":6},"end":{"line":186,"column":47}}],"line":184},"30":{"loc":{"start":{"line":189,"column":11},"end":{"line":199,"column":5}},"type":"if","locations":[{"start":{"line":189,"column":11},"end":{"line":199,"column":5}},{"start":{"line":189,"column":11},"end":{"line":199,"column":5}}],"line":189},"31":{"loc":{"start":{"line":190,"column":6},"end":{"line":192,"column":46}},"type":"binary-expr","locations":[{"start":{"line":190,"column":6},"end":{"line":190,"column":45}},{"start":{"line":191,"column":6},"end":{"line":191,"column":47}},{"start":{"line":192,"column":6},"end":{"line":192,"column":46}}],"line":190},"32":{"loc":{"start":{"line":195,"column":11},"end":{"line":199,"column":5}},"type":"if","locations":[{"start":{"line":195,"column":11},"end":{"line":199,"column":5}},{"start":{"line":195,"column":11},"end":{"line":199,"column":5}}],"line":195},"33":{"loc":{"start":{"line":197,"column":11},"end":{"line":199,"column":5}},"type":"if","locations":[{"start":{"line":197,"column":11},"end":{"line":199,"column":5}},{"start":{"line":197,"column":11},"end":{"line":199,"column":5}}],"line":197},"34":{"loc":{"start":{"line":204,"column":15},"end":{"line":204,"column":37}},"type":"binary-expr","locations":[{"start":{"line":204,"column":15},"end":{"line":204,"column":30}},{"start":{"line":204,"column":34},"end":{"line":204,"column":37}}],"line":204},"35":{"loc":{"start":{"line":210,"column":24},"end":{"line":210,"column":46}},"type":"binary-expr","locations":[{"start":{"line":210,"column":24},"end":{"line":210,"column":39}},{"start":{"line":210,"column":43},"end":{"line":210,"column":46}}],"line":210},"36":{"loc":{"start":{"line":215,"column":23},"end":{"line":215,"column":45}},"type":"binary-expr","locations":[{"start":{"line":215,"column":23},"end":{"line":215,"column":38}},{"start":{"line":215,"column":42},"end":{"line":215,"column":45}}],"line":215},"37":{"loc":{"start":{"line":233,"column":62},"end":{"line":233,"column":81}},"type":"default-arg","locations":[{"start":{"line":233,"column":79},"end":{"line":233,"column":81}}],"line":233},"38":{"loc":{"start":{"line":234,"column":4},"end":{"line":263,"column":5}},"type":"if","locations":[{"start":{"line":234,"column":4},"end":{"line":263,"column":5}},{"start":{"line":234,"column":4},"end":{"line":263,"column":5}}],"line":234},"39":{"loc":{"start":{"line":238,"column":8},"end":{"line":251,"column":9}},"type":"if","locations":[{"start":{"line":238,"column":8},"end":{"line":251,"column":9}},{"start":{"line":238,"column":8},"end":{"line":251,"column":9}}],"line":238},"40":{"loc":{"start":{"line":238,"column":12},"end":{"line":238,"column":63}},"type":"binary-expr","locations":[{"start":{"line":238,"column":12},"end":{"line":238,"column":30}},{"start":{"line":238,"column":34},"end":{"line":238,"column":63}}],"line":238},"41":{"loc":{"start":{"line":239,"column":34},"end":{"line":239,"column":72}},"type":"binary-expr","locations":[{"start":{"line":239,"column":34},"end":{"line":239,"column":47}},{"start":{"line":239,"column":51},"end":{"line":239,"column":72}}],"line":239},"42":{"loc":{"start":{"line":243,"column":10},"end":{"line":250,"column":11}},"type":"if","locations":[{"start":{"line":243,"column":10},"end":{"line":250,"column":11}},{"start":{"line":243,"column":10},"end":{"line":250,"column":11}}],"line":243},"43":{"loc":{"start":{"line":244,"column":12},"end":{"line":245,"column":36}},"type":"binary-expr","locations":[{"start":{"line":244,"column":12},"end":{"line":244,"column":37}},{"start":{"line":245,"column":12},"end":{"line":245,"column":36}}],"line":244},"44":{"loc":{"start":{"line":247,"column":44},"end":{"line":247,"column":73}},"type":"cond-expr","locations":[{"start":{"line":247,"column":53},"end":{"line":247,"column":69}},{"start":{"line":247,"column":72},"end":{"line":247,"column":73}}],"line":247},"45":{"loc":{"start":{"line":249,"column":44},"end":{"line":249,"column":73}},"type":"cond-expr","locations":[{"start":{"line":249,"column":53},"end":{"line":249,"column":69}},{"start":{"line":249,"column":72},"end":{"line":249,"column":73}}],"line":249},"46":{"loc":{"start":{"line":256,"column":24},"end":{"line":256,"column":47}},"type":"binary-expr","locations":[{"start":{"line":256,"column":24},"end":{"line":256,"column":41}},{"start":{"line":256,"column":45},"end":{"line":256,"column":47}}],"line":256},"47":{"loc":{"start":{"line":257,"column":8},"end":{"line":261,"column":9}},"type":"if","locations":[{"start":{"line":257,"column":8},"end":{"line":261,"column":9}},{"start":{"line":257,"column":8},"end":{"line":261,"column":9}}],"line":257},"48":{"loc":{"start":{"line":257,"column":12},"end":{"line":257,"column":65}},"type":"binary-expr","locations":[{"start":{"line":257,"column":12},"end":{"line":257,"column":37}},{"start":{"line":257,"column":41},"end":{"line":257,"column":65}}],"line":257},"49":{"loc":{"start":{"line":267,"column":5},"end":{"line":267,"column":55}},"type":"cond-expr","locations":[{"start":{"line":267,"column":17},"end":{"line":267,"column":44}},{"start":{"line":267,"column":47},"end":{"line":267,"column":55}}],"line":267}},"s":{"0":1,"1":1,"2":1,"3":1,"4":16,"5":16,"6":0,"7":0,"8":16,"9":1,"10":16,"11":16,"12":16,"13":16,"14":16,"15":16,"16":0,"17":16,"18":16,"19":16,"20":14,"21":11,"22":3,"23":1,"24":2,"25":1,"26":1,"27":1,"28":16,"29":16,"30":16,"31":16,"32":14,"33":9,"34":5,"35":3,"36":2,"37":1,"38":1,"39":1,"40":16,"41":16,"42":16,"43":16,"44":23,"45":23,"46":3,"47":20,"48":20,"49":23,"50":16,"51":18,"52":18,"53":18,"54":16,"55":2,"56":18,"57":16,"58":18,"59":18,"60":18,"61":18,"62":14,"63":4,"64":2,"65":2,"66":1,"67":1,"68":1,"69":18,"70":16,"71":1,"72":16,"73":5,"74":16,"75":18,"76":18,"77":16,"78":15,"79":12,"80":12,"81":18,"82":1,"83":1,"84":1,"85":17,"86":2,"87":15,"88":3,"89":6,"90":6,"91":3,"92":3,"93":16,"94":1},"f":{"0":16,"1":0,"2":16,"3":0,"4":16,"5":16,"6":23,"7":18,"8":18,"9":1,"10":5,"11":18,"12":15,"13":18,"14":6},"b":{"0":[14,2],"1":[14,2],"2":[14,2],"3":[11,3],"4":[14,14,6,5,4],"5":[1,2],"6":[1,1],"7":[1,0],"8":[14,2],"9":[9,5],"10":[14,14,6],"11":[3,2],"12":[5,4,3],"13":[1,1],"14":[1,0],"15":[23,0],"16":[23,0],"17":[23,19],"18":[3,20],"19":[20,17],"20":[16,2],"21":[18,17],"22":[2,16],"23":[2,2],"24":[16,0],"25":[2,16],"26":[2,2],"27":[16,0],"28":[14,4],"29":[18,6,5],"30":[2,2],"31":[4,4,3],"32":[1,1],"33":[1,0],"34":[1,1],"35":[5,5],"36":[18,18],"37":[14],"38":[12,3],"39":[1,17],"40":[18,1],"41":[1,1],"42":[2,15],"43":[17,17],"44":[0,2],"45":[2,13],"46":[6,0],"47":[3,3],"48":[6,3],"49":[14,2]},"_coverageSchema":"43e27e138ebf9cfc5966b082cf9a028302ed4184","hash":"b8c4579b42bd7896bac1cb2c5281894cea9c1829"}
}
