TN:
SF:/mnt/c/Users/alzajac/Desktop/Programmation/Training/react-native-skeleton-content/src/Constants.ts
FNF:0
FNH:0
DA:42,1
DA:43,1
DA:44,1
DA:45,1
DA:46,1
DA:47,1
DA:48,1
DA:49,1
LF:8
LH:8
BRF:0
BRH:0
end_of_record
TN:
SF:/mnt/c/Users/alzajac/Desktop/Programmation/Training/react-native-skeleton-content/src/SkeletonContent.tsx
FN:39,(anonymous_0)
FN:42,(anonymous_1)
FN:50,(anonymous_2)
FN:72,(anonymous_3)
FN:92,(anonymous_4)
FN:114,(anonymous_5)
FN:141,(anonymous_6)
FN:157,(anonymous_7)
FN:171,(anonymous_8)
FN:203,(anonymous_9)
FN:209,(anonymous_10)
FN:213,(anonymous_11)
FN:233,(anonymous_12)
FN:236,(anonymous_13)
FN:255,(anonymous_14)
FNF:15
FNH:13
FNDA:16,(anonymous_0)
FNDA:0,(anonymous_1)
FNDA:16,(anonymous_2)
FNDA:0,(anonymous_3)
FNDA:16,(anonymous_4)
FNDA:16,(anonymous_5)
FNDA:23,(anonymous_6)
FNDA:18,(anonymous_7)
FNDA:18,(anonymous_8)
FNDA:1,(anonymous_9)
FNDA:5,(anonymous_10)
FNDA:18,(anonymous_11)
FNDA:15,(anonymous_12)
FNDA:18,(anonymous_13)
FNDA:6,(anonymous_14)
DA:20,1
DA:21,1
DA:23,1
DA:39,1
DA:40,16
DA:42,16
DA:43,0
DA:44,0
DA:47,16
DA:50,1
DA:63,16
DA:64,16
DA:65,16
DA:66,16
DA:70,16
DA:72,16
DA:73,0
DA:92,16
DA:93,16
DA:94,16
DA:95,14
DA:102,11
DA:103,3
DA:104,1
DA:105,2
DA:106,1
DA:107,1
DA:108,1
DA:111,16
DA:114,16
DA:115,16
DA:116,16
DA:117,14
DA:122,9
DA:123,5
DA:128,3
DA:129,2
DA:130,1
DA:131,1
DA:132,1
DA:135,16
DA:138,16
DA:139,16
DA:141,16
DA:142,23
DA:148,23
DA:149,3
DA:151,20
DA:152,20
DA:154,23
DA:157,16
DA:158,18
DA:159,18
DA:163,18
DA:164,16
DA:166,2
DA:168,18
DA:171,16
DA:172,18
DA:175,18
DA:179,18
DA:183,18
DA:188,14
DA:189,4
DA:194,2
DA:195,2
DA:196,1
DA:197,1
DA:198,1
DA:200,18
DA:203,16
DA:204,1
DA:209,16
DA:210,5
DA:213,16
DA:214,18
DA:215,18
DA:233,16
DA:234,15
DA:235,12
DA:236,12
DA:238,18
DA:239,1
DA:240,1
DA:241,1
DA:243,17
DA:247,2
DA:249,15
DA:255,3
DA:256,6
DA:257,6
DA:258,3
DA:260,3
DA:266,16
DA:271,1
LF:95
LH:92
BRDA:64,0,0,14
BRDA:64,0,1,2
BRDA:65,1,0,14
BRDA:65,1,1,2
BRDA:94,2,0,14
BRDA:94,2,1,2
BRDA:95,3,0,11
BRDA:95,3,1,3
BRDA:96,4,0,14
BRDA:96,4,1,14
BRDA:96,4,2,6
BRDA:96,4,3,5
BRDA:96,4,4,4
BRDA:103,5,0,1
BRDA:103,5,1,2
BRDA:105,6,0,1
BRDA:105,6,1,1
BRDA:107,7,0,1
BRDA:107,7,1,0
BRDA:116,8,0,14
BRDA:116,8,1,2
BRDA:117,9,0,9
BRDA:117,9,1,5
BRDA:118,10,0,14
BRDA:118,10,1,14
BRDA:118,10,2,6
BRDA:123,11,0,3
BRDA:123,11,1,2
BRDA:124,12,0,5
BRDA:124,12,1,4
BRDA:124,12,2,3
BRDA:129,13,0,1
BRDA:129,13,1,1
BRDA:131,14,0,1
BRDA:131,14,1,0
BRDA:143,15,0,23
BRDA:143,15,1,0
BRDA:144,16,0,23
BRDA:144,16,1,0
BRDA:145,17,0,23
BRDA:145,17,1,19
BRDA:148,18,0,3
BRDA:148,18,1,20
BRDA:152,19,0,20
BRDA:152,19,1,17
BRDA:163,20,0,16
BRDA:163,20,1,2
BRDA:163,21,0,18
BRDA:163,21,1,17
BRDA:175,22,0,2
BRDA:175,22,1,16
BRDA:176,23,0,2
BRDA:176,23,1,2
BRDA:177,24,0,16
BRDA:177,24,1,0
BRDA:179,25,0,2
BRDA:179,25,1,16
BRDA:180,26,0,2
BRDA:180,26,1,2
BRDA:181,27,0,16
BRDA:181,27,1,0
BRDA:183,28,0,14
BRDA:183,28,1,4
BRDA:184,29,0,18
BRDA:184,29,1,6
BRDA:184,29,2,5
BRDA:189,30,0,2
BRDA:189,30,1,2
BRDA:190,31,0,4
BRDA:190,31,1,4
BRDA:190,31,2,3
BRDA:195,32,0,1
BRDA:195,32,1,1
BRDA:197,33,0,1
BRDA:197,33,1,0
BRDA:204,34,0,1
BRDA:204,34,1,1
BRDA:210,35,0,5
BRDA:210,35,1,5
BRDA:215,36,0,18
BRDA:215,36,1,18
BRDA:233,37,0,14
BRDA:234,38,0,12
BRDA:234,38,1,3
BRDA:238,39,0,1
BRDA:238,39,1,17
BRDA:238,40,0,18
BRDA:238,40,1,1
BRDA:239,41,0,1
BRDA:239,41,1,1
BRDA:243,42,0,2
BRDA:243,42,1,15
BRDA:244,43,0,17
BRDA:244,43,1,17
BRDA:247,44,0,0
BRDA:247,44,1,2
BRDA:249,45,0,2
BRDA:249,45,1,13
BRDA:256,46,0,6
BRDA:256,46,1,0
BRDA:257,47,0,3
BRDA:257,47,1,3
BRDA:257,48,0,6
BRDA:257,48,1,3
BRDA:267,49,0,14
BRDA:267,49,1,2
BRF:106
BRH:97
end_of_record
